May-27 23:19:25.820 [main] DEBUG nextflow.cli.Launcher - $> nextflow run main.nf -with-docker
May-27 23:19:25.930 [main] DEBUG nextflow.cli.CmdRun - N E X T F L O W  ~  version 25.04.2
May-27 23:19:25.951 [main] DEBUG nextflow.plugin.PluginsFacade - Setting up plugin manager > mode=prod; embedded=false; plugins-dir=/home/rishika/.nextflow/plugins; core-plugins: nf-amazon@2.15.0,nf-azure@1.16.0,nf-cloudcache@0.4.3,nf-codecommit@0.2.3,nf-console@1.2.1,nf-google@1.21.0,nf-k8s@1.0.0,nf-tower@1.11.2,nf-wave@1.12.1
May-27 23:19:25.972 [main] INFO  o.pf4j.DefaultPluginStatusProvider - Enabled plugins: []
May-27 23:19:25.973 [main] INFO  o.pf4j.DefaultPluginStatusProvider - Disabled plugins: []
May-27 23:19:25.976 [main] INFO  org.pf4j.DefaultPluginManager - PF4J version 3.12.0 in 'deployment' mode
May-27 23:19:25.988 [main] INFO  org.pf4j.AbstractPluginManager - No plugins
May-27 23:19:26.012 [main] DEBUG nextflow.config.ConfigBuilder - Found config local: /home/rishika/Oncology_pipeline/nextflow.config
May-27 23:19:26.015 [main] DEBUG nextflow.config.ConfigBuilder - Parsing config file: /home/rishika/Oncology_pipeline/nextflow.config
May-27 23:19:26.052 [main] DEBUG n.secret.LocalSecretsProvider - Secrets store: /home/rishika/.nextflow/secrets/store.json
May-27 23:19:26.056 [main] DEBUG nextflow.secret.SecretsLoader - Discovered secrets providers: [nextflow.secret.LocalSecretsProvider@3bc735b3] - activable => nextflow.secret.LocalSecretsProvider@3bc735b3
May-27 23:19:26.064 [main] DEBUG nextflow.config.ConfigBuilder - Applying config profile: `standard`
May-27 23:19:26.497 [main] DEBUG nextflow.config.ConfigBuilder - Enabling execution in Docker container as requested by command-line option `-with-docker -`
May-27 23:19:26.517 [main] DEBUG nextflow.cli.CmdRun - Applied DSL=2 by global default
May-27 23:19:26.531 [main] DEBUG nextflow.cli.CmdRun - Launching `main.nf` [angry_poitras] DSL2 - revision: a91f0f2ace
May-27 23:19:26.532 [main] DEBUG nextflow.plugin.PluginsFacade - Plugins default=[]
May-27 23:19:26.533 [main] DEBUG nextflow.plugin.PluginsFacade - Plugins resolved requirement=[]
May-27 23:19:26.584 [main] DEBUG nextflow.Session - Session UUID: f4c3cc76-3868-4935-85bf-b13bdfd9bd78
May-27 23:19:26.584 [main] DEBUG nextflow.Session - Run name: angry_poitras
May-27 23:19:26.585 [main] DEBUG nextflow.Session - Executor pool size: 12
May-27 23:19:26.593 [main] DEBUG nextflow.file.FilePorter - File porter settings maxRetries=3; maxTransfers=50; pollTimeout=null
May-27 23:19:26.600 [main] DEBUG nextflow.util.ThreadPoolBuilder - Creating thread pool 'FileTransfer' minSize=10; maxSize=36; workQueue=LinkedBlockingQueue[-1]; allowCoreThreadTimeout=false
May-27 23:19:26.622 [main] DEBUG nextflow.cli.CmdRun - 
  Version: 25.04.2 build 5947
  Created: 13-05-2025 21:58 UTC (22:58 BST)
  System: Linux 5.15.167.4-microsoft-standard-WSL2
  Runtime: Groovy 4.0.26 on OpenJDK 64-Bit Server VM 17.0.15+6-Ubuntu-0ubuntu122.04
  Encoding: UTF-8 (UTF-8)
  Process: 90948@Rishika-PC [127.0.1.1]
  CPUs: 12 - Mem: 7.6 GB (6.4 GB) - Swap: 2 GB (2 GB)
May-27 23:19:26.643 [main] DEBUG nextflow.Session - Work-dir: /home/rishika/Oncology_pipeline/work [ext2/ext3]
May-27 23:19:26.644 [main] DEBUG nextflow.Session - Script base path does not exist or is not a directory: /home/rishika/Oncology_pipeline/bin
May-27 23:19:26.653 [main] DEBUG nextflow.executor.ExecutorFactory - Extension executors providers=[]
May-27 23:19:26.663 [main] DEBUG nextflow.Session - Observer factory: DefaultObserverFactory
May-27 23:19:26.669 [main] DEBUG nextflow.Session - Observer factory (v2): LinObserverFactory
May-27 23:19:26.696 [main] DEBUG nextflow.cache.CacheFactory - Using Nextflow cache factory: nextflow.cache.DefaultCacheFactory
May-27 23:19:26.706 [main] DEBUG nextflow.util.CustomThreadPool - Creating default thread pool > poolSize: 13; maxThreads: 1000
May-27 23:19:26.770 [main] DEBUG nextflow.Session - Session start
May-27 23:19:26.946 [main] DEBUG nextflow.script.ScriptRunner - > Launching execution
May-27 23:19:27.046 [main] DEBUG nextflow.script.ScriptRunner - Parsed script files:
  Script_58a4e0a4109dd6a4: /home/rishika/Oncology_pipeline/main.nf
May-27 23:19:27.046 [main] DEBUG nextflow.Session - Session aborted -- Cause: Process `organize_scRNA` declares 1 input channel but 0 were specified
May-27 23:19:27.056 [main] ERROR nextflow.cli.Launcher - Process `organize_scRNA` declares 1 input channel but 0 were specified
nextflow.exception.ScriptRuntimeException: Process `organize_scRNA` declares 1 input channel but 0 were specified
	at nextflow.script.ProcessDef.run(ProcessDef.groovy:175)
	at nextflow.script.BindableDef.invoke_a(BindableDef.groovy:51)
	at nextflow.script.ComponentDef.invoke_o(ComponentDef.groovy:40)
	at nextflow.script.WorkflowBinding.invokeMethod(WorkflowBinding.groovy:105)
	at org.codehaus.groovy.runtime.InvokerHelper.invokePogoMethod(InvokerHelper.java:651)
	at org.codehaus.groovy.runtime.InvokerHelper.invokeMethod(InvokerHelper.java:628)
	at org.codehaus.groovy.runtime.metaclass.ClosureMetaClass.invokeOnDelegationObjects(ClosureMetaClass.java:392)
	at org.codehaus.groovy.runtime.metaclass.ClosureMetaClass.invokeMethod(ClosureMetaClass.java:331)
	at groovy.lang.MetaClassImpl.invokeMethod(MetaClassImpl.java:1007)
	at org.codehaus.groovy.vmplugin.v8.IndyInterface.fromCache(IndyInterface.java:321)
	at Script_58a4e0a4109dd6a4$_runScript_closure1$_closure7.doCall(Script_58a4e0a4109dd6a4:2)
	at java.base/jdk.internal.reflect.NativeMethodAccessorImpl.invoke0(Native Method)
	at java.base/jdk.internal.reflect.NativeMethodAccessorImpl.invoke(NativeMethodAccessorImpl.java:77)
	at java.base/jdk.internal.reflect.DelegatingMethodAccessorImpl.invoke(DelegatingMethodAccessorImpl.java:43)
	at java.base/java.lang.reflect.Method.invoke(Method.java:569)
	at org.codehaus.groovy.reflection.CachedMethod.invoke(CachedMethod.java:343)
	at groovy.lang.MetaMethod.doMethodInvoke(MetaMethod.java:328)
	at org.codehaus.groovy.runtime.metaclass.ClosureMetaClass.invokeMethod(ClosureMetaClass.java:280)
	at groovy.lang.MetaClassImpl.invokeMethod(MetaClassImpl.java:1007)
	at groovy.lang.Closure.call(Closure.java:433)
	at groovy.lang.Closure.call(Closure.java:412)
	at nextflow.script.WorkflowDef.run0(WorkflowDef.groovy:205)
	at nextflow.script.WorkflowDef.run(WorkflowDef.groovy:189)
	at nextflow.script.BindableDef.invoke_a(BindableDef.groovy:51)
	at org.codehaus.groovy.vmplugin.v8.IndyInterface.fromCache(IndyInterface.java:321)
	at nextflow.script.BaseScript.run0(BaseScript.groovy:182)
	at org.codehaus.groovy.vmplugin.v8.IndyInterface.fromCache(IndyInterface.java:321)
	at nextflow.script.BaseScript.run(BaseScript.groovy:193)
	at nextflow.script.parser.v1.ScriptLoaderV1.runScript(ScriptLoaderV1.groovy:246)
	at nextflow.script.parser.v1.ScriptLoaderV1.runScript(ScriptLoaderV1.groovy)
	at nextflow.script.ScriptRunner.run(ScriptRunner.groovy:246)
	at nextflow.script.ScriptRunner.execute(ScriptRunner.groovy:139)
	at nextflow.cli.CmdRun.run(CmdRun.groovy:379)
	at nextflow.cli.Launcher.run(Launcher.groovy:513)
	at nextflow.cli.Launcher.main(Launcher.groovy:673)
